# JRE version: Java(TM) SE Runtime Environment (17.0.12+8) (build 17.0.12+8-LTS-286)
# Java VM: Java HotSpot(TM) 64-Bit Server VM (17.0.12+8-LTS-286, mixed mode, sharing, tiered, compressed oops, compressed class ptrs, g1 gc, windows-amd64)
GC Precious Log:
 CPUs: 8 total, 8 available
 Memory: 5965M
 Large Page Support: Disabled
 NUMA Support: Disabled
 Compressed Oops: Enabled (32-bit)
 Heap Region Size: 1M
 Heap Min Capacity: 8M
 Heap Initial Capacity: 94M
 Heap Max Capacity: 2G
 Pre-touch: Disabled
 Parallel Workers: 8
 Concurrent Workers: 2
 Concurrent Refinement Workers: 8
 Periodic GC: Disabled
Heap:
 garbage-first heap   total 439296K, used 324096K [0x0000000080000000, 0x0000000100000000)
  region size 1024K, 7 young (7168K), 7 survivors (7168K)
 Metaspace       used 129976K, committed 131008K, reserved 1179648K
  class space    used 17352K, committed 17856K, reserved 1048576K
GC Heap History (20 events):
Event: 52.074 GC heap after
{Heap after GC invocations=73 (full 0):
 garbage-first heap   total 343040K, used 191447K [0x0000000080000000, 0x0000000100000000)
  region size 1024K, 13 young (13312K), 13 survivors (13312K)
 Metaspace       used 121243K, committed 122304K, reserved 1179648K
  class space    used 15955K, committed 16448K, reserved 1048576K
}
Event: 52.774 GC heap before
{Heap before GC invocations=73 (full 0):
 garbage-first heap   total 343040K, used 279511K [0x0000000080000000, 0x0000000100000000)
  region size 1024K, 100 young (102400K), 13 survivors (13312K)
 Metaspace       used 122044K, committed 123072K, reserved 1179648K
  class space    used 16059K, committed 16576K, reserved 1048576K
}
Event: 52.784 GC heap after
{Heap after GC invocations=74 (full 0):
 garbage-first heap   total 343040K, used 194518K [0x0000000080000000, 0x0000000100000000)
  region size 1024K, 6 young (6144K), 6 survivors (6144K)
 Metaspace       used 122044K, committed 123072K, reserved 1179648K
  class space    used 16059K, committed 16576K, reserved 1048576K
}
Event: 53.590 GC heap before
{Heap before GC invocations=74 (full 0):
 garbage-first heap   total 343040K, used 290774K [0x0000000080000000, 0x0000000100000000)
  region size 1024K, 93 young (95232K), 6 survivors (6144K)
 Metaspace       used 123190K, committed 124160K, reserved 1179648K
  class space    used 16213K, committed 16704K, reserved 1048576K
}
Event: 53.596 GC heap after
{Heap after GC invocations=75 (full 0):
 garbage-first heap   total 343040K, used 206754K [0x0000000080000000, 0x0000000100000000)
  region size 1024K, 10 young (10240K), 10 survivors (10240K)
 Metaspace       used 123190K, committed 124160K, reserved 1179648K
  class space    used 16213K, committed 16704K, reserved 1048576K
}
Event: 54.508 GC heap before
{Heap before GC invocations=75 (full 0):
 garbage-first heap   total 343040K, used 301986K [0x0000000080000000, 0x0000000100000000)
  region size 1024K, 87 young (89088K), 10 survivors (10240K)
 Metaspace       used 126182K, committed 127232K, reserved 1179648K
  class space    used 16624K, committed 17152K, reserved 1048576K
}
Event: 54.520 GC heap after
{Heap after GC invocations=76 (full 0):
 garbage-first heap   total 343040K, used 238006K [0x0000000080000000, 0x0000000100000000)
  region size 1024K, 11 young (11264K), 11 survivors (11264K)
 Metaspace       used 126182K, committed 127232K, reserved 1179648K
  class space    used 16624K, committed 17152K, reserved 1048576K
}
Event: 54.823 GC heap before
{Heap before GC invocations=76 (full 0):
 garbage-first heap   total 343040K, used 298422K [0x0000000080000000, 0x0000000100000000)
  region size 1024K, 50 young (51200K), 11 survivors (11264K)
 Metaspace       used 127169K, committed 128192K, reserved 1179648K
  class space    used 16771K, committed 17280K, reserved 1048576K
}
Event: 54.829 GC heap after
{Heap after GC invocations=77 (full 0):
 garbage-first heap   total 343040K, used 260469K [0x0000000080000000, 0x0000000100000000)
  region size 1024K, 8 young (8192K), 8 survivors (8192K)
 Metaspace       used 127169K, committed 128192K, reserved 1179648K
  class space    used 16771K, committed 17280K, reserved 1048576K
}
Event: 54.956 GC heap before
{Heap before GC invocations=77 (full 0):
 garbage-first heap   total 343040K, used 324981K [0x0000000080000000, 0x0000000100000000)
  region size 1024K, 32 young (32768K), 8 survivors (8192K)
 Metaspace       used 127392K, committed 128448K, reserved 1179648K
  class space    used 16810K, committed 17344K, reserved 1048576K
}
Event: 54.961 GC heap after
{Heap after GC invocations=78 (full 0):
 garbage-first heap   total 344064K, used 282654K [0x0000000080000000, 0x0000000100000000)
  region size 1024K, 5 young (5120K), 5 survivors (5120K)
 Metaspace       used 127392K, committed 128448K, reserved 1179648K
  class space    used 16810K, committed 17344K, reserved 1048576K
}
Event: 55.079 GC heap before
{Heap before GC invocations=79 (full 0):
 garbage-first heap   total 439296K, used 273438K [0x0000000080000000, 0x0000000100000000)
  region size 1024K, 18 young (18432K), 5 survivors (5120K)
 Metaspace       used 127431K, committed 128512K, reserved 1179648K
  class space    used 16812K, committed 17344K, reserved 1048576K
}
Event: 55.086 GC heap after
{Heap after GC invocations=80 (full 0):
 garbage-first heap   total 439296K, used 265642K [0x0000000080000000, 0x0000000100000000)
  region size 1024K, 3 young (3072K), 3 survivors (3072K)
 Metaspace       used 127431K, committed 128512K, reserved 1179648K
  class space    used 16812K, committed 17344K, reserved 1048576K
}
Event: 55.136 GC heap before
{Heap before GC invocations=80 (full 0):
 garbage-first heap   total 439296K, used 292266K [0x0000000080000000, 0x0000000100000000)
  region size 1024K, 21 young (21504K), 3 survivors (3072K)
 Metaspace       used 127431K, committed 128512K, reserved 1179648K
  class space    used 16812K, committed 17344K, reserved 1048576K
}
Event: 55.148 GC heap after
{Heap after GC invocations=81 (full 0):
 garbage-first heap   total 439296K, used 254156K [0x0000000080000000, 0x0000000100000000)
  region size 1024K, 3 young (3072K), 3 survivors (3072K)
 Metaspace       used 127431K, committed 128512K, reserved 1179648K
  class space    used 16812K, committed 17344K, reserved 1048576K
}
Event: 55.532 GC heap before
{Heap before GC invocations=81 (full 0):
 garbage-first heap   total 439296K, used 338124K [0x0000000080000000, 0x0000000100000000)
  region size 1024K, 83 young (84992K), 3 survivors (3072K)
 Metaspace       used 127434K, committed 128512K, reserved 1179648K
  class space    used 16812K, committed 17344K, reserved 1048576K
}
Event: 55.561 GC heap after
{Heap after GC invocations=82 (full 0):
 garbage-first heap   total 439296K, used 287730K [0x0000000080000000, 0x0000000100000000)
  region size 1024K, 11 young (11264K), 11 survivors (11264K)
 Metaspace       used 127434K, committed 128512K, reserved 1179648K
  class space    used 16812K, committed 17344K, reserved 1048576K
}
Event: 55.979 GC heap before
{Heap before GC invocations=82 (full 0):
 garbage-first heap   total 439296K, used 359410K [0x0000000080000000, 0x0000000100000000)
  region size 1024K, 68 young (69632K), 11 survivors (11264K)
 Metaspace       used 127739K, committed 128704K, reserved 1179648K
  class space    used 16862K, committed 17344K, reserved 1048576K
}
Event: 56.012 GC heap after
{Heap after GC invocations=83 (full 0):
 garbage-first heap   total 439296K, used 314368K [0x0000000080000000, 0x0000000100000000)
  region size 1024K, 9 young (9216K), 9 survivors (9216K)
 Metaspace       used 127739K, committed 128704K, reserved 1179648K
  class space    used 16862K, committed 17344K, reserved 1048576K
}
Event: 56.470 GC heap before
{Heap before GC invocations=83 (full 0):
 garbage-first heap   total 439296K, used 356352K [0x0000000080000000, 0x0000000100000000)
  region size 1024K, 51 young (52224K), 9 survivors (9216K)
 Metaspace       used 129976K, committed 131008K, reserved 1179648K
  class space    used 17352K, committed 17856K, reserved 1048576K
}

