# JRE version: OpenJDK Runtime Environment (21.0.6) (build 21.0.6+-13355223-b631.42)
# Java VM: OpenJDK 64-Bit Server VM (21.0.6+-13355223-b631.42, mixed mode, tiered, compressed oops, compressed class ptrs, g1 gc, windows-amd64)
GC Precious Log:
 CardTable entry size: 512
 Card Set container configuration: InlinePtr #cards 5 size 8 Array Of Cards #cards 12 size 40 Howl #buckets 4 coarsen threshold 1843 Howl Bitmap #cards 512 size 80 coarsen threshold 460 Card regions per heap region 1 cards per card region 2048
 CPUs: 8 total, 8 available
 Memory: 5965M
 Large Page Support: Disabled
 NUMA Support: Disabled
 Compressed Oops: Enabled (32-bit)
 Heap Region Size: 1M
 Heap Min Capacity: 8M
 Heap Initial Capacity: 94M
 Heap Max Capacity: 2G
 Pre-touch: Disabled
 Parallel Workers: 8
 Concurrent Workers: 2
 Concurrent Refinement Workers: 8
 Periodic GC: Disabled
Heap:
 garbage-first heap   total 138240K, used 92114K [0x0000000080000000, 0x0000000100000000)
  region size 1024K, 2 young (2048K), 2 survivors (2048K)
 Metaspace       used 93973K, committed 95936K, reserved 1179648K
  class space    used 12545K, committed 13504K, reserved 1048576K
GC Heap History (20 events):
Event: 9.916 GC heap after
{Heap after GC invocations=26 (full 0):
 garbage-first heap   total 114688K, used 68483K [0x0000000080000000, 0x0000000100000000)
  region size 1024K, 6 young (6144K), 6 survivors (6144K)
 Metaspace       used 68097K, committed 69824K, reserved 1114112K
  class space    used 9254K, committed 10112K, reserved 1048576K
}
Event: 9.997 GC heap before
{Heap before GC invocations=26 (full 0):
 garbage-first heap   total 114688K, used 75651K [0x0000000080000000, 0x0000000100000000)
  region size 1024K, 14 young (14336K), 6 survivors (6144K)
 Metaspace       used 68670K, committed 70400K, reserved 1114112K
  class space    used 9308K, committed 10176K, reserved 1048576K
}
Event: 10.000 GC heap after
{Heap after GC invocations=27 (full 0):
 garbage-first heap   total 114688K, used 69835K [0x0000000080000000, 0x0000000100000000)
  region size 1024K, 1 young (1024K), 1 survivors (1024K)
 Metaspace       used 68670K, committed 70400K, reserved 1114112K
  class space    used 9308K, committed 10176K, reserved 1048576K
}
Event: 10.467 GC heap before
{Heap before GC invocations=28 (full 0):
 garbage-first heap   total 119808K, used 100555K [0x0000000080000000, 0x0000000100000000)
  region size 1024K, 31 young (31744K), 1 survivors (1024K)
 Metaspace       used 71270K, committed 73024K, reserved 1114112K
  class space    used 9636K, committed 10560K, reserved 1048576K
}
Event: 10.470 GC heap after
{Heap after GC invocations=29 (full 0):
 garbage-first heap   total 119808K, used 71628K [0x0000000080000000, 0x0000000100000000)
  region size 1024K, 2 young (2048K), 2 survivors (2048K)
 Metaspace       used 71270K, committed 73024K, reserved 1114112K
  class space    used 9636K, committed 10560K, reserved 1048576K
}
Event: 10.931 GC heap before
{Heap before GC invocations=29 (full 0):
 garbage-first heap   total 119808K, used 105420K [0x0000000080000000, 0x0000000100000000)
  region size 1024K, 36 young (36864K), 2 survivors (2048K)
 Metaspace       used 75455K, committed 77184K, reserved 1179648K
  class space    used 10015K, committed 10880K, reserved 1048576K
}
Event: 10.935 GC heap after
{Heap after GC invocations=30 (full 0):
 garbage-first heap   total 119808K, used 71745K [0x0000000080000000, 0x0000000100000000)
  region size 1024K, 3 young (3072K), 3 survivors (3072K)
 Metaspace       used 75455K, committed 77184K, reserved 1179648K
  class space    used 10015K, committed 10880K, reserved 1048576K
}
Event: 11.511 GC heap before
{Heap before GC invocations=30 (full 0):
 garbage-first heap   total 119808K, used 102465K [0x0000000080000000, 0x0000000100000000)
  region size 1024K, 35 young (35840K), 3 survivors (3072K)
 Metaspace       used 79406K, committed 81216K, reserved 1179648K
  class space    used 10592K, committed 11520K, reserved 1048576K
}
Event: 11.515 GC heap after
{Heap after GC invocations=31 (full 0):
 garbage-first heap   total 119808K, used 74269K [0x0000000080000000, 0x0000000100000000)
  region size 1024K, 5 young (5120K), 5 survivors (5120K)
 Metaspace       used 79406K, committed 81216K, reserved 1179648K
  class space    used 10592K, committed 11520K, reserved 1048576K
}
Event: 11.881 GC heap before
{Heap before GC invocations=32 (full 0):
 garbage-first heap   total 132096K, used 112157K [0x0000000080000000, 0x0000000100000000)
  region size 1024K, 37 young (37888K), 5 survivors (5120K)
 Metaspace       used 81006K, committed 82880K, reserved 1179648K
  class space    used 10820K, committed 11776K, reserved 1048576K
}
Event: 11.885 GC heap after
{Heap after GC invocations=33 (full 0):
 garbage-first heap   total 132096K, used 78359K [0x0000000080000000, 0x0000000100000000)
  region size 1024K, 5 young (5120K), 5 survivors (5120K)
 Metaspace       used 81006K, committed 82880K, reserved 1179648K
  class space    used 10820K, committed 11776K, reserved 1048576K
}
Event: 12.372 GC heap before
{Heap before GC invocations=33 (full 0):
 garbage-first heap   total 132096K, used 116247K [0x0000000080000000, 0x0000000100000000)
  region size 1024K, 42 young (43008K), 5 survivors (5120K)
 Metaspace       used 84061K, committed 85952K, reserved 1179648K
  class space    used 11206K, committed 12160K, reserved 1048576K
}
Event: 12.377 GC heap after
{Heap after GC invocations=34 (full 0):
 garbage-first heap   total 132096K, used 80433K [0x0000000080000000, 0x0000000100000000)
  region size 1024K, 2 young (2048K), 2 survivors (2048K)
 Metaspace       used 84061K, committed 85952K, reserved 1179648K
  class space    used 11206K, committed 12160K, reserved 1048576K
}
Event: 12.954 GC heap before
{Heap before GC invocations=34 (full 0):
 garbage-first heap   total 132096K, used 118321K [0x0000000080000000, 0x0000000100000000)
  region size 1024K, 39 young (39936K), 2 survivors (2048K)
 Metaspace       used 88136K, committed 89984K, reserved 1179648K
  class space    used 11741K, committed 12672K, reserved 1048576K
}
Event: 12.957 GC heap after
{Heap after GC invocations=35 (full 0):
 garbage-first heap   total 132096K, used 82407K [0x0000000080000000, 0x0000000100000000)
  region size 1024K, 4 young (4096K), 4 survivors (4096K)
 Metaspace       used 88136K, committed 89984K, reserved 1179648K
  class space    used 11741K, committed 12672K, reserved 1048576K
}
Event: 13.624 GC heap before
{Heap before GC invocations=36 (full 0):
 garbage-first heap   total 138240K, used 122343K [0x0000000080000000, 0x0000000100000000)
  region size 1024K, 40 young (40960K), 4 survivors (4096K)
 Metaspace       used 90570K, committed 92480K, reserved 1179648K
  class space    used 12083K, committed 12992K, reserved 1048576K
}
Event: 13.630 GC heap after
{Heap after GC invocations=37 (full 0):
 garbage-first heap   total 138240K, used 87173K [0x0000000080000000, 0x0000000100000000)
  region size 1024K, 4 young (4096K), 4 survivors (4096K)
 Metaspace       used 90570K, committed 92480K, reserved 1179648K
  class space    used 12083K, committed 12992K, reserved 1048576K
}
Event: 14.020 GC heap before
{Heap before GC invocations=37 (full 0):
 garbage-first heap   total 138240K, used 125061K [0x0000000080000000, 0x0000000100000000)
  region size 1024K, 41 young (41984K), 4 survivors (4096K)
 Metaspace       used 91208K, committed 93120K, reserved 1179648K
  class space    used 12174K, committed 13120K, reserved 1048576K
}
Event: 14.026 GC heap after
{Heap after GC invocations=38 (full 0):
 garbage-first heap   total 138240K, used 90357K [0x0000000080000000, 0x0000000100000000)
  region size 1024K, 6 young (6144K), 6 survivors (6144K)
 Metaspace       used 91208K, committed 93120K, reserved 1179648K
  class space    used 12174K, committed 13120K, reserved 1048576K
}
Event: 14.487 GC heap before
{Heap before GC invocations=38 (full 0):
 garbage-first heap   total 138240K, used 123125K [0x0000000080000000, 0x0000000100000000)
  region size 1024K, 38 young (38912K), 6 survivors (6144K)
 Metaspace       used 93973K, committed 95936K, reserved 1179648K
  class space    used 12545K, committed 13504K, reserved 1048576K
}

