# JRE version: OpenJDK Runtime Environment (21.0.6) (build 21.0.6+-13355223-b631.42)
# Java VM: OpenJDK 64-Bit Server VM (21.0.6+-13355223-b631.42, mixed mode, tiered, compressed oops, compressed class ptrs, g1 gc, windows-amd64)
GC Precious Log:
 CardTable entry size: 512
 Card Set container configuration: InlinePtr #cards 5 size 8 Array Of Cards #cards 12 size 40 Howl #buckets 4 coarsen threshold 1843 Howl Bitmap #cards 512 size 80 coarsen threshold 460 Card regions per heap region 1 cards per card region 2048
 CPUs: 8 total, 8 available
 Memory: 5965M
 Large Page Support: Disabled
 NUMA Support: Disabled
 Compressed Oops: Enabled (32-bit)
 Heap Region Size: 1M
 Heap Min Capacity: 8M
 Heap Initial Capacity: 94M
 Heap Max Capacity: 2G
 Pre-touch: Disabled
 Parallel Workers: 8
 Concurrent Workers: 2
 Concurrent Refinement Workers: 8
 Periodic GC: Disabled
Heap:
 garbage-first heap   total 293888K, used 171391K [0x0000000080000000, 0x0000000100000000)
  region size 1024K, 22 young (22528K), 11 survivors (11264K)
 Metaspace       used 136459K, committed 138752K, reserved 1179648K
  class space    used 17643K, committed 18816K, reserved 1048576K
GC Heap History (20 events):
Event: 50.696 GC heap before
{Heap before GC invocations=51 (full 0):
 garbage-first heap   total 189440K, used 172418K [0x0000000080000000, 0x0000000100000000)
  region size 1024K, 56 young (57344K), 5 survivors (5120K)
 Metaspace       used 123589K, committed 125824K, reserved 1179648K
  class space    used 16368K, committed 17536K, reserved 1048576K
}
Event: 50.700 GC heap after
{Heap after GC invocations=52 (full 0):
 garbage-first heap   total 189440K, used 123184K [0x0000000080000000, 0x0000000100000000)
  region size 1024K, 5 young (5120K), 5 survivors (5120K)
 Metaspace       used 123589K, committed 125824K, reserved 1179648K
  class space    used 16368K, committed 17536K, reserved 1048576K
}
Event: 51.758 GC heap before
{Heap before GC invocations=53 (full 0):
 garbage-first heap   total 208896K, used 170288K [0x0000000080000000, 0x0000000100000000)
  region size 1024K, 52 young (53248K), 5 survivors (5120K)
 Metaspace       used 125723K, committed 127936K, reserved 1179648K
  class space    used 16601K, committed 17728K, reserved 1048576K
}
Event: 51.764 GC heap after
{Heap after GC invocations=54 (full 0):
 garbage-first heap   total 208896K, used 127212K [0x0000000080000000, 0x0000000100000000)
  region size 1024K, 6 young (6144K), 6 survivors (6144K)
 Metaspace       used 125723K, committed 127936K, reserved 1179648K
  class space    used 16601K, committed 17728K, reserved 1048576K
}
Event: 52.777 GC heap before
{Heap before GC invocations=54 (full 0):
 garbage-first heap   total 208896K, used 197868K [0x0000000080000000, 0x0000000100000000)
  region size 1024K, 67 young (68608K), 6 survivors (6144K)
 Metaspace       used 125958K, committed 128192K, reserved 1179648K
  class space    used 16601K, committed 17728K, reserved 1048576K
}
Event: 52.799 GC heap after
{Heap after GC invocations=55 (full 0):
 garbage-first heap   total 232448K, used 150741K [0x0000000080000000, 0x0000000100000000)
  region size 1024K, 9 young (9216K), 9 survivors (9216K)
 Metaspace       used 125958K, committed 128192K, reserved 1179648K
  class space    used 16601K, committed 17728K, reserved 1048576K
}
Event: 53.233 GC heap before
{Heap before GC invocations=55 (full 0):
 garbage-first heap   total 232448K, used 174293K [0x0000000080000000, 0x0000000100000000)
  region size 1024K, 33 young (33792K), 9 survivors (9216K)
 Metaspace       used 126402K, committed 128704K, reserved 1179648K
  class space    used 16647K, committed 17792K, reserved 1048576K
}
Event: 53.242 GC heap after
{Heap after GC invocations=56 (full 0):
 garbage-first heap   total 232448K, used 158217K [0x0000000080000000, 0x0000000100000000)
  region size 1024K, 6 young (6144K), 6 survivors (6144K)
 Metaspace       used 126402K, committed 128704K, reserved 1179648K
  class space    used 16647K, committed 17792K, reserved 1048576K
}
Event: 54.564 GC heap before
{Heap before GC invocations=57 (full 0):
 garbage-first heap   total 276480K, used 206345K [0x0000000080000000, 0x0000000100000000)
  region size 1024K, 46 young (47104K), 6 survivors (6144K)
 Metaspace       used 128955K, committed 131200K, reserved 1179648K
  class space    used 16938K, committed 18048K, reserved 1048576K
}
Event: 54.573 GC heap after
{Heap after GC invocations=58 (full 0):
 garbage-first heap   total 276480K, used 163080K [0x0000000080000000, 0x0000000100000000)
  region size 1024K, 6 young (6144K), 6 survivors (6144K)
 Metaspace       used 128955K, committed 131200K, reserved 1179648K
  class space    used 16938K, committed 18048K, reserved 1048576K
}
Event: 55.644 GC heap before
{Heap before GC invocations=58 (full 0):
 garbage-first heap   total 276480K, used 254216K [0x0000000080000000, 0x0000000100000000)
  region size 1024K, 71 young (72704K), 6 survivors (6144K)
 Metaspace       used 129838K, committed 132160K, reserved 1179648K
  class space    used 17006K, committed 18176K, reserved 1048576K
}
Event: 55.655 GC heap after
{Heap after GC invocations=59 (full 0):
 garbage-first heap   total 276480K, used 168065K [0x0000000080000000, 0x0000000100000000)
  region size 1024K, 7 young (7168K), 7 survivors (7168K)
 Metaspace       used 129838K, committed 132160K, reserved 1179648K
  class space    used 17006K, committed 18176K, reserved 1048576K
}
Event: 56.083 GC heap before
{Heap before GC invocations=59 (full 0):
 garbage-first heap   total 276480K, used 237697K [0x0000000080000000, 0x0000000100000000)
  region size 1024K, 76 young (77824K), 7 survivors (7168K)
 Metaspace       used 132902K, committed 135232K, reserved 1179648K
  class space    used 17287K, committed 18432K, reserved 1048576K
}
Event: 56.091 GC heap after
{Heap after GC invocations=60 (full 0):
 garbage-first heap   total 276480K, used 175698K [0x0000000080000000, 0x0000000100000000)
  region size 1024K, 7 young (7168K), 7 survivors (7168K)
 Metaspace       used 132902K, committed 135232K, reserved 1179648K
  class space    used 17287K, committed 18432K, reserved 1048576K
}
Event: 56.448 GC heap before
{Heap before GC invocations=61 (full 0):
 garbage-first heap   total 293888K, used 241234K [0x0000000080000000, 0x0000000100000000)
  region size 1024K, 72 young (73728K), 7 survivors (7168K)
 Metaspace       used 133547K, committed 135808K, reserved 1179648K
  class space    used 17339K, committed 18496K, reserved 1048576K
}
Event: 56.453 GC heap after
{Heap after GC invocations=62 (full 0):
 garbage-first heap   total 293888K, used 177032K [0x0000000080000000, 0x0000000100000000)
  region size 1024K, 4 young (4096K), 4 survivors (4096K)
 Metaspace       used 133547K, committed 135808K, reserved 1179648K
  class space    used 17339K, committed 18496K, reserved 1048576K
}
Event: 57.282 GC heap before
{Heap before GC invocations=62 (full 0):
 garbage-first heap   total 293888K, used 257928K [0x0000000080000000, 0x0000000100000000)
  region size 1024K, 84 young (86016K), 4 survivors (4096K)
 Metaspace       used 134964K, committed 137216K, reserved 1179648K
  class space    used 17477K, committed 18624K, reserved 1048576K
}
Event: 57.290 GC heap after
{Heap after GC invocations=63 (full 0):
 garbage-first heap   total 293888K, used 162791K [0x0000000080000000, 0x0000000100000000)
  region size 1024K, 7 young (7168K), 7 survivors (7168K)
 Metaspace       used 134964K, committed 137216K, reserved 1179648K
  class space    used 17477K, committed 18624K, reserved 1048576K
}
Event: 58.452 GC heap before
{Heap before GC invocations=63 (full 0):
 garbage-first heap   total 293888K, used 256999K [0x0000000080000000, 0x0000000100000000)
  region size 1024K, 100 young (102400K), 7 survivors (7168K)
 Metaspace       used 136235K, committed 138496K, reserved 1179648K
  class space    used 17619K, committed 18752K, reserved 1048576K
}
Event: 58.460 GC heap after
{Heap after GC invocations=64 (full 0):
 garbage-first heap   total 293888K, used 166271K [0x0000000080000000, 0x0000000100000000)
  region size 1024K, 11 young (11264K), 11 survivors (11264K)
 Metaspace       used 136235K, committed 138496K, reserved 1179648K
  class space    used 17619K, committed 18752K, reserved 1048576K
}

