# JRE version: OpenJDK Runtime Environment (21.0.6) (build 21.0.6+-13355223-b631.42)
# Java VM: OpenJDK 64-Bit Server VM (21.0.6+-13355223-b631.42, mixed mode, tiered, compressed oops, compressed class ptrs, g1 gc, windows-amd64)
GC Precious Log:
 CardTable entry size: 512
 Card Set container configuration: InlinePtr #cards 5 size 8 Array Of Cards #cards 12 size 40 Howl #buckets 4 coarsen threshold 1843 Howl Bitmap #cards 512 size 80 coarsen threshold 460 Card regions per heap region 1 cards per card region 2048
 CPUs: 8 total, 8 available
 Memory: 5965M
 Large Page Support: Disabled
 NUMA Support: Disabled
 Compressed Oops: Enabled (32-bit)
 Heap Region Size: 1M
 Heap Min Capacity: 8M
 Heap Initial Capacity: 94M
 Heap Max Capacity: 2G
 Pre-touch: Disabled
 Parallel Workers: 8
 Concurrent Workers: 2
 Concurrent Refinement Workers: 8
 Periodic GC: Disabled
Heap:
 garbage-first heap   total 157696K, used 133376K [0x0000000080000000, 0x0000000100000000)
  region size 1024K, 41 young (41984K), 4 survivors (4096K)
 Metaspace       used 101495K, committed 103424K, reserved 1179648K
  class space    used 13519K, committed 14464K, reserved 1048576K
GC Heap History (20 events):
Event: 16.035 GC heap before
{Heap before GC invocations=27 (full 0):
 garbage-first heap   total 100352K, used 98654K [0x0000000080000000, 0x0000000100000000)
  region size 1024K, 35 young (35840K), 4 survivors (4096K)
 Metaspace       used 75581K, committed 77184K, reserved 1179648K
  class space    used 10164K, committed 10944K, reserved 1048576K
}
Event: 16.040 GC heap after
{Heap after GC invocations=28 (full 0):
 garbage-first heap   total 111616K, used 74228K [0x0000000080000000, 0x0000000100000000)
  region size 1024K, 5 young (5120K), 5 survivors (5120K)
 Metaspace       used 75581K, committed 77184K, reserved 1179648K
  class space    used 10164K, committed 10944K, reserved 1048576K
}
Event: 16.474 GC heap before
{Heap before GC invocations=28 (full 0):
 garbage-first heap   total 111616K, used 97780K [0x0000000080000000, 0x0000000100000000)
  region size 1024K, 29 young (29696K), 5 survivors (5120K)
 Metaspace       used 77714K, committed 79424K, reserved 1179648K
  class space    used 10431K, committed 11264K, reserved 1048576K
}
Event: 16.477 GC heap after
{Heap after GC invocations=29 (full 0):
 garbage-first heap   total 111616K, used 74834K [0x0000000080000000, 0x0000000100000000)
  region size 1024K, 1 young (1024K), 1 survivors (1024K)
 Metaspace       used 77714K, committed 79424K, reserved 1179648K
  class space    used 10431K, committed 11264K, reserved 1048576K
}
Event: 16.815 GC heap before
{Heap before GC invocations=29 (full 0):
 garbage-first heap   total 111616K, used 100434K [0x0000000080000000, 0x0000000100000000)
  region size 1024K, 26 young (26624K), 1 survivors (1024K)
 Metaspace       used 80666K, committed 82432K, reserved 1179648K
  class space    used 10714K, committed 11584K, reserved 1048576K
}
Event: 16.817 GC heap after
{Heap after GC invocations=30 (full 0):
 garbage-first heap   total 111616K, used 75204K [0x0000000080000000, 0x0000000100000000)
  region size 1024K, 2 young (2048K), 2 survivors (2048K)
 Metaspace       used 80666K, committed 82432K, reserved 1179648K
  class space    used 10714K, committed 11584K, reserved 1048576K
}
Event: 17.220 GC heap before
{Heap before GC invocations=31 (full 0):
 garbage-first heap   total 128000K, used 100804K [0x0000000080000000, 0x0000000100000000)
  region size 1024K, 27 young (27648K), 2 survivors (2048K)
 Metaspace       used 83507K, committed 85248K, reserved 1179648K
  class space    used 11076K, committed 11904K, reserved 1048576K
}
Event: 17.222 GC heap after
{Heap after GC invocations=32 (full 0):
 garbage-first heap   total 128000K, used 76144K [0x0000000080000000, 0x0000000100000000)
  region size 1024K, 3 young (3072K), 3 survivors (3072K)
 Metaspace       used 83507K, committed 85248K, reserved 1179648K
  class space    used 11076K, committed 11904K, reserved 1048576K
}
Event: 17.915 GC heap before
{Heap before GC invocations=32 (full 0):
 garbage-first heap   total 128000K, used 118128K [0x0000000080000000, 0x0000000100000000)
  region size 1024K, 40 young (40960K), 3 survivors (3072K)
 Metaspace       used 85637K, committed 87488K, reserved 1179648K
  class space    used 11412K, committed 12352K, reserved 1048576K
}
Event: 17.920 GC heap after
{Heap after GC invocations=33 (full 0):
 garbage-first heap   total 129024K, used 80719K [0x0000000080000000, 0x0000000100000000)
  region size 1024K, 5 young (5120K), 5 survivors (5120K)
 Metaspace       used 85637K, committed 87488K, reserved 1179648K
  class space    used 11412K, committed 12352K, reserved 1048576K
}
Event: 18.447 GC heap before
{Heap before GC invocations=33 (full 0):
 garbage-first heap   total 129024K, used 115535K [0x0000000080000000, 0x0000000100000000)
  region size 1024K, 39 young (39936K), 5 survivors (5120K)
 Metaspace       used 88396K, committed 90240K, reserved 1179648K
  class space    used 11746K, committed 12672K, reserved 1048576K
}
Event: 18.452 GC heap after
{Heap after GC invocations=34 (full 0):
 garbage-first heap   total 129024K, used 83410K [0x0000000080000000, 0x0000000100000000)
  region size 1024K, 3 young (3072K), 3 survivors (3072K)
 Metaspace       used 88396K, committed 90240K, reserved 1179648K
  class space    used 11746K, committed 12672K, reserved 1048576K
}
Event: 19.073 GC heap before
{Heap before GC invocations=35 (full 0):
 garbage-first heap   total 142336K, used 116178K [0x0000000080000000, 0x0000000100000000)
  region size 1024K, 35 young (35840K), 3 survivors (3072K)
 Metaspace       used 92068K, committed 93952K, reserved 1179648K
  class space    used 12223K, committed 13184K, reserved 1048576K
}
Event: 19.076 GC heap after
{Heap after GC invocations=36 (full 0):
 garbage-first heap   total 142336K, used 84913K [0x0000000080000000, 0x0000000100000000)
  region size 1024K, 4 young (4096K), 4 survivors (4096K)
 Metaspace       used 92068K, committed 93952K, reserved 1179648K
  class space    used 12223K, committed 13184K, reserved 1048576K
}
Event: 19.693 GC heap before
{Heap before GC invocations=36 (full 0):
 garbage-first heap   total 142336K, used 130993K [0x0000000080000000, 0x0000000100000000)
  region size 1024K, 46 young (47104K), 4 survivors (4096K)
 Metaspace       used 95335K, committed 97280K, reserved 1179648K
  class space    used 12667K, committed 13632K, reserved 1048576K
}
Event: 19.698 GC heap after
{Heap after GC invocations=37 (full 0):
 garbage-first heap   total 142336K, used 89641K [0x0000000080000000, 0x0000000100000000)
  region size 1024K, 4 young (4096K), 4 survivors (4096K)
 Metaspace       used 95335K, committed 97280K, reserved 1179648K
  class space    used 12667K, committed 13632K, reserved 1048576K
}
Event: 20.251 GC heap before
{Heap before GC invocations=37 (full 0):
 garbage-first heap   total 142336K, used 128553K [0x0000000080000000, 0x0000000100000000)
  region size 1024K, 43 young (44032K), 4 survivors (4096K)
 Metaspace       used 96713K, committed 98624K, reserved 1179648K
  class space    used 12868K, committed 13824K, reserved 1048576K
}
Event: 20.256 GC heap after
{Heap after GC invocations=38 (full 0):
 garbage-first heap   total 142336K, used 93583K [0x0000000080000000, 0x0000000100000000)
  region size 1024K, 6 young (6144K), 6 survivors (6144K)
 Metaspace       used 96713K, committed 98624K, reserved 1179648K
  class space    used 12868K, committed 13824K, reserved 1048576K
}
Event: 21.717 GC heap before
{Heap before GC invocations=39 (full 0):
 garbage-first heap   total 157696K, used 126351K [0x0000000080000000, 0x0000000100000000)
  region size 1024K, 38 young (38912K), 6 survivors (6144K)
 Metaspace       used 98737K, committed 100608K, reserved 1179648K
  class space    used 13117K, committed 14080K, reserved 1048576K
}
Event: 21.721 GC heap after
{Heap after GC invocations=40 (full 0):
 garbage-first heap   total 157696K, used 95488K [0x0000000080000000, 0x0000000100000000)
  region size 1024K, 4 young (4096K), 4 survivors (4096K)
 Metaspace       used 98737K, committed 100608K, reserved 1179648K
  class space    used 13117K, committed 14080K, reserved 1048576K
}

