# JRE version: OpenJDK Runtime Environment (21.0.6) (build 21.0.6+-13355223-b631.42)
# Java VM: OpenJDK 64-Bit Server VM (21.0.6+-13355223-b631.42, mixed mode, tiered, compressed oops, compressed class ptrs, g1 gc, windows-amd64)
GC Precious Log:
 CardTable entry size: 512
 Card Set container configuration: InlinePtr #cards 5 size 8 Array Of Cards #cards 12 size 40 Howl #buckets 4 coarsen threshold 1843 Howl Bitmap #cards 512 size 80 coarsen threshold 460 Card regions per heap region 1 cards per card region 2048
 CPUs: 8 total, 8 available
 Memory: 5965M
 Large Page Support: Disabled
 NUMA Support: Disabled
 Compressed Oops: Enabled (32-bit)
 Heap Region Size: 1M
 Heap Min Capacity: 8M
 Heap Initial Capacity: 94M
 Heap Max Capacity: 2G
 Pre-touch: Disabled
 Parallel Workers: 8
 Concurrent Workers: 2
 Concurrent Refinement Workers: 8
 Periodic GC: Disabled
Heap:
 garbage-first heap   total 292864K, used 228641K [0x0000000080000000, 0x0000000100000000)
  region size 1024K, 20 young (20480K), 9 survivors (9216K)
 Metaspace       used 128503K, committed 130752K, reserved 1179648K
  class space    used 17227K, committed 18368K, reserved 1048576K
GC Heap History (20 events):
Event: 19.680 GC heap before
{Heap before GC invocations=48 (full 0):
 garbage-first heap   total 168960K, used 152576K [0x0000000080000000, 0x0000000100000000)
  region size 1024K, 45 young (46080K), 7 survivors (7168K)
 Metaspace       used 116466K, committed 118720K, reserved 1179648K
  class space    used 15683K, committed 16832K, reserved 1048576K
}
Event: 19.685 GC heap after
{Heap after GC invocations=49 (full 0):
 garbage-first heap   total 168960K, used 115542K [0x0000000080000000, 0x0000000100000000)
  region size 1024K, 4 young (4096K), 4 survivors (4096K)
 Metaspace       used 116466K, committed 118720K, reserved 1179648K
  class space    used 15683K, committed 16832K, reserved 1048576K
}
Event: 20.160 GC heap before
{Heap before GC invocations=50 (full 0):
 garbage-first heap   total 194560K, used 153430K [0x0000000080000000, 0x0000000100000000)
  region size 1024K, 41 young (41984K), 4 survivors (4096K)
 Metaspace       used 116483K, committed 118720K, reserved 1179648K
  class space    used 15683K, committed 16832K, reserved 1048576K
}
Event: 20.164 GC heap after
{Heap after GC invocations=51 (full 0):
 garbage-first heap   total 194560K, used 116354K [0x0000000080000000, 0x0000000100000000)
  region size 1024K, 5 young (5120K), 5 survivors (5120K)
 Metaspace       used 116483K, committed 118720K, reserved 1179648K
  class space    used 15683K, committed 16832K, reserved 1048576K
}
Event: 20.734 GC heap before
{Heap before GC invocations=51 (full 0):
 garbage-first heap   total 194560K, used 176770K [0x0000000080000000, 0x0000000100000000)
  region size 1024K, 65 young (66560K), 5 survivors (5120K)
 Metaspace       used 117023K, committed 119232K, reserved 1179648K
  class space    used 15787K, committed 16896K, reserved 1048576K
}
Event: 20.740 GC heap after
{Heap after GC invocations=52 (full 0):
 garbage-first heap   total 194560K, used 117226K [0x0000000080000000, 0x0000000100000000)
  region size 1024K, 8 young (8192K), 8 survivors (8192K)
 Metaspace       used 117023K, committed 119232K, reserved 1179648K
  class space    used 15787K, committed 16896K, reserved 1048576K
}
Event: 21.510 GC heap before
{Heap before GC invocations=52 (full 0):
 garbage-first heap   total 194560K, used 173546K [0x0000000080000000, 0x0000000100000000)
  region size 1024K, 64 young (65536K), 8 survivors (8192K)
 Metaspace       used 119752K, committed 121920K, reserved 1179648K
  class space    used 16127K, committed 17216K, reserved 1048576K
}
Event: 21.518 GC heap after
{Heap after GC invocations=53 (full 0):
 garbage-first heap   total 233472K, used 120745K [0x0000000080000000, 0x0000000100000000)
  region size 1024K, 6 young (6144K), 6 survivors (6144K)
 Metaspace       used 119752K, committed 121920K, reserved 1179648K
  class space    used 16127K, committed 17216K, reserved 1048576K
}
Event: 22.629 GC heap before
{Heap before GC invocations=54 (full 0):
 garbage-first heap   total 233472K, used 209833K [0x0000000080000000, 0x0000000100000000)
  region size 1024K, 94 young (96256K), 6 survivors (6144K)
 Metaspace       used 122686K, committed 124992K, reserved 1179648K
  class space    used 16450K, committed 17600K, reserved 1048576K
}
Event: 22.637 GC heap after
{Heap after GC invocations=55 (full 0):
 garbage-first heap   total 233472K, used 124841K [0x0000000080000000, 0x0000000100000000)
  region size 1024K, 10 young (10240K), 10 survivors (10240K)
 Metaspace       used 122686K, committed 124992K, reserved 1179648K
  class space    used 16450K, committed 17600K, reserved 1048576K
}
Event: 23.217 GC heap before
{Heap before GC invocations=55 (full 0):
 garbage-first heap   total 233472K, used 209833K [0x0000000080000000, 0x0000000100000000)
  region size 1024K, 94 young (96256K), 10 survivors (10240K)
 Metaspace       used 122893K, committed 125120K, reserved 1179648K
  class space    used 16472K, committed 17600K, reserved 1048576K
}
Event: 23.226 GC heap after
{Heap after GC invocations=56 (full 0):
 garbage-first heap   total 233472K, used 127654K [0x0000000080000000, 0x0000000100000000)
  region size 1024K, 7 young (7168K), 7 survivors (7168K)
 Metaspace       used 122893K, committed 125120K, reserved 1179648K
  class space    used 16472K, committed 17600K, reserved 1048576K
}
Event: 23.790 GC heap before
{Heap before GC invocations=56 (full 0):
 garbage-first heap   total 233472K, used 207526K [0x0000000080000000, 0x0000000100000000)
  region size 1024K, 87 young (89088K), 7 survivors (7168K)
 Metaspace       used 123555K, committed 125760K, reserved 1179648K
  class space    used 16544K, committed 17664K, reserved 1048576K
}
Event: 23.798 GC heap after
{Heap after GC invocations=57 (full 0):
 garbage-first heap   total 233472K, used 129077K [0x0000000080000000, 0x0000000100000000)
  region size 1024K, 8 young (8192K), 8 survivors (8192K)
 Metaspace       used 123555K, committed 125760K, reserved 1179648K
  class space    used 16544K, committed 17664K, reserved 1048576K
}
Event: 24.974 GC heap before
{Heap before GC invocations=58 (full 0):
 garbage-first heap   total 244736K, used 242741K [0x0000000080000000, 0x0000000100000000)
  region size 1024K, 88 young (90112K), 8 survivors (8192K)
 Metaspace       used 128171K, committed 130432K, reserved 1179648K
  class space    used 17185K, committed 18304K, reserved 1048576K
}
Event: 24.984 GC heap after
{Heap after GC invocations=59 (full 0):
 garbage-first heap   total 264192K, used 169984K [0x0000000080000000, 0x0000000100000000)
  region size 1024K, 11 young (11264K), 11 survivors (11264K)
 Metaspace       used 128171K, committed 130432K, reserved 1179648K
  class space    used 17185K, committed 18304K, reserved 1048576K
}
Event: 25.132 GC heap before
{Heap before GC invocations=59 (full 0):
 garbage-first heap   total 264192K, used 263168K [0x0000000080000000, 0x0000000100000000)
  region size 1024K, 47 young (48128K), 11 survivors (11264K)
 Metaspace       used 128494K, committed 130752K, reserved 1179648K
  class space    used 17227K, committed 18368K, reserved 1048576K
}
Event: 25.468 GC heap after
{Heap after GC invocations=60 (full 0):
 garbage-first heap   total 292864K, used 206287K [0x0000000080000000, 0x0000000100000000)
  region size 1024K, 10 young (10240K), 10 survivors (10240K)
 Metaspace       used 128494K, committed 130752K, reserved 1179648K
  class space    used 17227K, committed 18368K, reserved 1048576K
}
Event: 25.666 GC heap before
{Heap before GC invocations=60 (full 0):
 garbage-first heap   total 292864K, used 229839K [0x0000000080000000, 0x0000000100000000)
  region size 1024K, 34 young (34816K), 10 survivors (10240K)
 Metaspace       used 128501K, committed 130752K, reserved 1179648K
  class space    used 17227K, committed 18368K, reserved 1048576K
}
Event: 26.528 GC heap after
{Heap after GC invocations=61 (full 0):
 garbage-first heap   total 292864K, used 216353K [0x0000000080000000, 0x0000000100000000)
  region size 1024K, 9 young (9216K), 9 survivors (9216K)
 Metaspace       used 128501K, committed 130752K, reserved 1179648K
  class space    used 17227K, committed 18368K, reserved 1048576K
}

