# JRE version: Java(TM) SE Runtime Environment (17.0.12+8) (build 17.0.12+8-LTS-286)
# Java VM: Java HotSpot(TM) 64-Bit Server VM (17.0.12+8-LTS-286, mixed mode, sharing, tiered, compressed oops, compressed class ptrs, g1 gc, windows-amd64)
GC Precious Log:
 CPUs: 8 total, 8 available
 Memory: 5965M
 Large Page Support: Disabled
 NUMA Support: Disabled
 Compressed Oops: Enabled (32-bit)
 Heap Region Size: 1M
 Heap Min Capacity: 8M
 Heap Initial Capacity: 94M
 Heap Max Capacity: 2G
 Pre-touch: Disabled
 Parallel Workers: 8
 Concurrent Workers: 2
 Concurrent Refinement Workers: 8
 Periodic GC: Disabled
Heap:
 garbage-first heap   total 281600K, used 250144K [0x0000000080000000, 0x0000000100000000)
  region size 1024K, 10 young (10240K), 2 survivors (2048K)
 Metaspace       used 175331K, committed 176512K, reserved 1245184K
  class space    used 22295K, committed 22848K, reserved 1048576K
GC Heap History (20 events):
Event: 43.903 GC heap before
{Heap before GC invocations=94 (full 0):
 garbage-first heap   total 281600K, used 240155K [0x0000000080000000, 0x0000000100000000)
  region size 1024K, 31 young (31744K), 4 survivors (4096K)
 Metaspace       used 172465K, committed 173568K, reserved 1245184K
  class space    used 21988K, committed 22528K, reserved 1048576K
}
Event: 43.906 GC heap after
{Heap after GC invocations=95 (full 0):
 garbage-first heap   total 281600K, used 214454K [0x0000000080000000, 0x0000000100000000)
  region size 1024K, 3 young (3072K), 3 survivors (3072K)
 Metaspace       used 172465K, committed 173568K, reserved 1245184K
  class space    used 21988K, committed 22528K, reserved 1048576K
}
Event: 44.160 GC heap before
{Heap before GC invocations=95 (full 0):
 garbage-first heap   total 281600K, used 242102K [0x0000000080000000, 0x0000000100000000)
  region size 1024K, 30 young (30720K), 3 survivors (3072K)
 Metaspace       used 172476K, committed 173632K, reserved 1245184K
  class space    used 21988K, committed 22528K, reserved 1048576K
}
Event: 44.163 GC heap after
{Heap after GC invocations=96 (full 0):
 garbage-first heap   total 281600K, used 215382K [0x0000000080000000, 0x0000000100000000)
  region size 1024K, 3 young (3072K), 3 survivors (3072K)
 Metaspace       used 172476K, committed 173632K, reserved 1245184K
  class space    used 21988K, committed 22528K, reserved 1048576K
}
Event: 44.445 GC heap before
{Heap before GC invocations=96 (full 0):
 garbage-first heap   total 281600K, used 240982K [0x0000000080000000, 0x0000000100000000)
  region size 1024K, 29 young (29696K), 3 survivors (3072K)
 Metaspace       used 173092K, committed 174208K, reserved 1245184K
  class space    used 22107K, committed 22656K, reserved 1048576K
}
Event: 44.448 GC heap after
{Heap after GC invocations=97 (full 0):
 garbage-first heap   total 281600K, used 217264K [0x0000000080000000, 0x0000000100000000)
  region size 1024K, 4 young (4096K), 4 survivors (4096K)
 Metaspace       used 173092K, committed 174208K, reserved 1245184K
  class space    used 22107K, committed 22656K, reserved 1048576K
}
Event: 44.694 GC heap before
{Heap before GC invocations=97 (full 0):
 garbage-first heap   total 281600K, used 240816K [0x0000000080000000, 0x0000000100000000)
  region size 1024K, 28 young (28672K), 4 survivors (4096K)
 Metaspace       used 173833K, committed 174912K, reserved 1245184K
  class space    used 22185K, committed 22720K, reserved 1048576K
}
Event: 44.698 GC heap after
{Heap after GC invocations=98 (full 0):
 garbage-first heap   total 281600K, used 217837K [0x0000000080000000, 0x0000000100000000)
  region size 1024K, 4 young (4096K), 4 survivors (4096K)
 Metaspace       used 173833K, committed 174912K, reserved 1245184K
  class space    used 22185K, committed 22720K, reserved 1048576K
}
Event: 45.358 GC heap before
{Heap before GC invocations=98 (full 0):
 garbage-first heap   total 281600K, used 241389K [0x0000000080000000, 0x0000000100000000)
  region size 1024K, 27 young (27648K), 4 survivors (4096K)
 Metaspace       used 174842K, committed 176000K, reserved 1245184K
  class space    used 22264K, committed 22784K, reserved 1048576K
}
Event: 45.362 GC heap after
{Heap after GC invocations=99 (full 0):
 garbage-first heap   total 281600K, used 221017K [0x0000000080000000, 0x0000000100000000)
  region size 1024K, 4 young (4096K), 4 survivors (4096K)
 Metaspace       used 174842K, committed 176000K, reserved 1245184K
  class space    used 22264K, committed 22784K, reserved 1048576K
}
Event: 45.883 GC heap before
{Heap before GC invocations=99 (full 0):
 garbage-first heap   total 281600K, used 241497K [0x0000000080000000, 0x0000000100000000)
  region size 1024K, 25 young (25600K), 4 survivors (4096K)
 Metaspace       used 174957K, committed 176064K, reserved 1245184K
  class space    used 22264K, committed 22784K, reserved 1048576K
}
Event: 45.888 GC heap after
{Heap after GC invocations=100 (full 0):
 garbage-first heap   total 281600K, used 225647K [0x0000000080000000, 0x0000000100000000)
  region size 1024K, 4 young (4096K), 4 survivors (4096K)
 Metaspace       used 174957K, committed 176064K, reserved 1245184K
  class space    used 22264K, committed 22784K, reserved 1048576K
}
Event: 46.154 GC heap before
{Heap before GC invocations=100 (full 0):
 garbage-first heap   total 281600K, used 251247K [0x0000000080000000, 0x0000000100000000)
  region size 1024K, 21 young (21504K), 4 survivors (4096K)
 Metaspace       used 175037K, committed 176128K, reserved 1245184K
  class space    used 22264K, committed 22784K, reserved 1048576K
}
Event: 46.160 GC heap after
{Heap after GC invocations=101 (full 0):
 garbage-first heap   total 281600K, used 235214K [0x0000000080000000, 0x0000000100000000)
  region size 1024K, 3 young (3072K), 3 survivors (3072K)
 Metaspace       used 175037K, committed 176128K, reserved 1245184K
  class space    used 22264K, committed 22784K, reserved 1048576K
}
Event: 46.240 GC heap before
{Heap before GC invocations=101 (full 0):
 garbage-first heap   total 281600K, used 245454K [0x0000000080000000, 0x0000000100000000)
  region size 1024K, 13 young (13312K), 3 survivors (3072K)
 Metaspace       used 175039K, committed 176128K, reserved 1245184K
  class space    used 22264K, committed 22784K, reserved 1048576K
}
Event: 46.245 GC heap after
{Heap after GC invocations=102 (full 0):
 garbage-first heap   total 281600K, used 243200K [0x0000000080000000, 0x0000000100000000)
  region size 1024K, 2 young (2048K), 2 survivors (2048K)
 Metaspace       used 175039K, committed 176128K, reserved 1245184K
  class space    used 22264K, committed 22784K, reserved 1048576K
}
Event: 46.388 GC heap before
{Heap before GC invocations=102 (full 0):
 garbage-first heap   total 281600K, used 254464K [0x0000000080000000, 0x0000000100000000)
  region size 1024K, 13 young (13312K), 2 survivors (2048K)
 Metaspace       used 175047K, committed 176128K, reserved 1245184K
  class space    used 22264K, committed 22784K, reserved 1048576K
}
Event: 46.392 GC heap after
{Heap after GC invocations=103 (full 0):
 garbage-first heap   total 281600K, used 248832K [0x0000000080000000, 0x0000000100000000)
  region size 1024K, 2 young (2048K), 2 survivors (2048K)
 Metaspace       used 175047K, committed 176128K, reserved 1245184K
  class space    used 22264K, committed 22784K, reserved 1048576K
}
Event: 46.531 GC heap before
{Heap before GC invocations=103 (full 0):
 garbage-first heap   total 281600K, used 259072K [0x0000000080000000, 0x0000000100000000)
  region size 1024K, 13 young (13312K), 2 survivors (2048K)
 Metaspace       used 175204K, committed 176384K, reserved 1245184K
  class space    used 22285K, committed 22848K, reserved 1048576K
}
Event: 46.535 GC heap after
{Heap after GC invocations=104 (full 0):
 garbage-first heap   total 281600K, used 252192K [0x0000000080000000, 0x0000000100000000)
  region size 1024K, 2 young (2048K), 2 survivors (2048K)
 Metaspace       used 175204K, committed 176384K, reserved 1245184K
  class space    used 22285K, committed 22848K, reserved 1048576K
}

