# JRE version: OpenJDK Runtime Environment (21.0.6) (build 21.0.6+-13355223-b631.42)
# Java VM: OpenJDK 64-Bit Server VM (21.0.6+-13355223-b631.42, mixed mode, tiered, compressed oops, compressed class ptrs, g1 gc, windows-amd64)
GC Precious Log:
 CardTable entry size: 512
 Card Set container configuration: InlinePtr #cards 5 size 8 Array Of Cards #cards 12 size 40 Howl #buckets 4 coarsen threshold 1843 Howl Bitmap #cards 512 size 80 coarsen threshold 460 Card regions per heap region 1 cards per card region 2048
 CPUs: 8 total, 8 available
 Memory: 5965M
 Large Page Support: Disabled
 NUMA Support: Disabled
 Compressed Oops: Enabled (32-bit)
 Heap Region Size: 1M
 Heap Min Capacity: 8M
 Heap Initial Capacity: 94M
 Heap Max Capacity: 2G
 Pre-touch: Disabled
 Parallel Workers: 8
 Concurrent Workers: 2
 Concurrent Refinement Workers: 8
 Periodic GC: Disabled
Heap:
 garbage-first heap   total 140288K, used 87780K [0x0000000080000000, 0x0000000100000000)
  region size 1024K, 4 young (4096K), 4 survivors (4096K)
 Metaspace       used 90477K, committed 92352K, reserved 1179648K
  class space    used 12060K, committed 12992K, reserved 1048576K
GC Heap History (20 events):
Event: 9.965 GC heap after
{Heap after GC invocations=26 (full 0):
 garbage-first heap   total 103424K, used 65648K [0x0000000080000000, 0x0000000100000000)
  region size 1024K, 6 young (6144K), 6 survivors (6144K)
 Metaspace       used 67564K, committed 69248K, reserved 1114112K
  class space    used 9171K, committed 9984K, reserved 1048576K
}
Event: 10.258 GC heap before
{Heap before GC invocations=27 (full 0):
 garbage-first heap   total 114688K, used 86128K [0x0000000080000000, 0x0000000100000000)
  region size 1024K, 24 young (24576K), 6 survivors (6144K)
 Metaspace       used 68780K, committed 70464K, reserved 1114112K
  class space    used 9324K, committed 10176K, reserved 1048576K
}
Event: 10.262 GC heap after
{Heap after GC invocations=28 (full 0):
 garbage-first heap   total 114688K, used 70405K [0x0000000080000000, 0x0000000100000000)
  region size 1024K, 3 young (3072K), 3 survivors (3072K)
 Metaspace       used 68780K, committed 70464K, reserved 1114112K
  class space    used 9324K, committed 10176K, reserved 1048576K
}
Event: 10.639 GC heap before
{Heap before GC invocations=28 (full 0):
 garbage-first heap   total 114688K, used 92933K [0x0000000080000000, 0x0000000100000000)
  region size 1024K, 26 young (26624K), 3 survivors (3072K)
 Metaspace       used 70839K, committed 72576K, reserved 1114112K
  class space    used 9592K, committed 10496K, reserved 1048576K
}
Event: 10.642 GC heap after
{Heap after GC invocations=29 (full 0):
 garbage-first heap   total 114688K, used 70415K [0x0000000080000000, 0x0000000100000000)
  region size 1024K, 1 young (1024K), 1 survivors (1024K)
 Metaspace       used 70839K, committed 72576K, reserved 1114112K
  class space    used 9592K, committed 10496K, reserved 1048576K
}
Event: 11.043 GC heap before
{Heap before GC invocations=29 (full 0):
 garbage-first heap   total 114688K, used 93967K [0x0000000080000000, 0x0000000100000000)
  region size 1024K, 25 young (25600K), 1 survivors (1024K)
 Metaspace       used 73715K, committed 75456K, reserved 1114112K
  class space    used 9868K, committed 10752K, reserved 1048576K
}
Event: 11.045 GC heap after
{Heap after GC invocations=30 (full 0):
 garbage-first heap   total 114688K, used 71021K [0x0000000080000000, 0x0000000100000000)
  region size 1024K, 2 young (2048K), 2 survivors (2048K)
 Metaspace       used 73715K, committed 75456K, reserved 1114112K
  class space    used 9868K, committed 10752K, reserved 1048576K
}
Event: 11.399 GC heap before
{Heap before GC invocations=31 (full 0):
 garbage-first heap   total 121856K, used 95597K [0x0000000080000000, 0x0000000100000000)
  region size 1024K, 27 young (27648K), 2 survivors (2048K)
 Metaspace       used 76383K, committed 78080K, reserved 1179648K
  class space    used 10162K, committed 11008K, reserved 1048576K
}
Event: 11.402 GC heap after
{Heap after GC invocations=32 (full 0):
 garbage-first heap   total 121856K, used 71956K [0x0000000080000000, 0x0000000100000000)
  region size 1024K, 3 young (3072K), 3 survivors (3072K)
 Metaspace       used 76383K, committed 78080K, reserved 1179648K
  class space    used 10162K, committed 11008K, reserved 1048576K
}
Event: 11.714 GC heap before
{Heap before GC invocations=32 (full 0):
 garbage-first heap   total 121856K, used 105748K [0x0000000080000000, 0x0000000100000000)
  region size 1024K, 33 young (33792K), 3 survivors (3072K)
 Metaspace       used 79319K, committed 81152K, reserved 1179648K
  class space    used 10583K, committed 11520K, reserved 1048576K
}
Event: 11.720 GC heap after
{Heap after GC invocations=33 (full 0):
 garbage-first heap   total 121856K, used 80861K [0x0000000080000000, 0x0000000100000000)
  region size 1024K, 5 young (5120K), 5 survivors (5120K)
 Metaspace       used 79319K, committed 81152K, reserved 1179648K
  class space    used 10583K, committed 11520K, reserved 1048576K
}
Event: 11.738 GC heap before
{Heap before GC invocations=33 (full 0):
 garbage-first heap   total 121856K, used 81885K [0x0000000080000000, 0x0000000100000000)
  region size 1024K, 7 young (7168K), 5 survivors (5120K)
 Metaspace       used 79324K, committed 81152K, reserved 1179648K
  class space    used 10583K, committed 11520K, reserved 1048576K
}
Event: 11.741 GC heap after
{Heap after GC invocations=34 (full 0):
 garbage-first heap   total 121856K, used 79447K [0x0000000080000000, 0x0000000100000000)
  region size 1024K, 1 young (1024K), 1 survivors (1024K)
 Metaspace       used 79324K, committed 81152K, reserved 1179648K
  class space    used 10583K, committed 11520K, reserved 1048576K
}
Event: 12.125 GC heap before
{Heap before GC invocations=35 (full 0):
 garbage-first heap   total 133120K, used 106071K [0x0000000080000000, 0x0000000100000000)
  region size 1024K, 27 young (27648K), 1 survivors (1024K)
 Metaspace       used 81310K, committed 83136K, reserved 1179648K
  class space    used 10852K, committed 11776K, reserved 1048576K
}
Event: 12.128 GC heap after
{Heap after GC invocations=36 (full 0):
 garbage-first heap   total 133120K, used 80565K [0x0000000080000000, 0x0000000100000000)
  region size 1024K, 2 young (2048K), 2 survivors (2048K)
 Metaspace       used 81310K, committed 83136K, reserved 1179648K
  class space    used 10852K, committed 11776K, reserved 1048576K
}
Event: 12.623 GC heap before
{Heap before GC invocations=36 (full 0):
 garbage-first heap   total 133120K, used 114357K [0x0000000080000000, 0x0000000100000000)
  region size 1024K, 36 young (36864K), 2 survivors (2048K)
 Metaspace       used 84287K, committed 86144K, reserved 1179648K
  class space    used 11227K, committed 12160K, reserved 1048576K
}
Event: 12.627 GC heap after
{Heap after GC invocations=37 (full 0):
 garbage-first heap   total 133120K, used 80780K [0x0000000080000000, 0x0000000100000000)
  region size 1024K, 4 young (4096K), 4 survivors (4096K)
 Metaspace       used 84287K, committed 86144K, reserved 1179648K
  class space    used 11227K, committed 12160K, reserved 1048576K
}
Event: 13.187 GC heap before
{Heap before GC invocations=37 (full 0):
 garbage-first heap   total 133120K, used 116620K [0x0000000080000000, 0x0000000100000000)
  region size 1024K, 39 young (39936K), 4 survivors (4096K)
 Metaspace       used 88112K, committed 89984K, reserved 1179648K
  class space    used 11728K, committed 12672K, reserved 1048576K
}
Event: 13.191 GC heap after
{Heap after GC invocations=38 (full 0):
 garbage-first heap   total 133120K, used 82894K [0x0000000080000000, 0x0000000100000000)
  region size 1024K, 4 young (4096K), 4 survivors (4096K)
 Metaspace       used 88112K, committed 89984K, reserved 1179648K
  class space    used 11728K, committed 12672K, reserved 1048576K
}
Event: 13.810 GC heap before
{Heap before GC invocations=39 (full 0):
 garbage-first heap   total 140288K, used 121806K [0x0000000080000000, 0x0000000100000000)
  region size 1024K, 39 young (39936K), 4 survivors (4096K)
 Metaspace       used 90477K, committed 92352K, reserved 1179648K
  class space    used 12060K, committed 12992K, reserved 1048576K
}

